[('emnlp-2023', 0.024559719796174495), ('cvpr-2023', 0.023641089610530745), ('neurips-2023', 0.01955187479654777), ('acl-2023', 0.019177134110826537), ('iccv-2023', 0.018873700395402208), ('aaai-2024', 0.014720330167412308), ('icml-2023', 0.011769711522146026), ('project-page', 0.009726222829117696), ('iclr-2023', 0.008597856524523575), ('international-conference', 0.008225067906598584), ('icassp-2023', 0.007583888037334716), ('icassp-2024', 0.007393005008228473), ('iclr-2024', 0.0063801979371662125), ('aaai-2023', 0.006158248928588867), ('2023-main', 0.006075017396538429), ('main-conference', 0.0055901721290682336), ('interspeech-2023', 0.005467124013654278), ('2023-findings', 0.005430362653693681), ('eacl-2023', 0.005365897057349139), ('10-pages', 0.00517478734511728)]

emnlp-2023
[('2023-10-22/2023-10-28', 215), ('2023-10-15/2023-10-21', 168), ('2023-05-21/2023-05-27', 162), ('2023-10-08/2023-10-14', 103), ('2023-10-29/2023-11-04', 72), ('2023-05-14/2023-05-20', 33), ('2023-11-05/2023-11-11', 33), ('2023-11-26/2023-12-02', 32), ('2023-11-12/2023-11-18', 26), ('2023-12-03/2023-12-09', 24)]

cvpr-2023
[('2023-03-19/2023-03-25', 158), ('2023-03-26/2023-04-01', 119), ('2023-04-02/2023-04-08', 75), ('2023-03-12/2023-03-18', 70), ('2023-04-09/2023-04-15', 60), ('2023-02-26/2023-03-04', 55), ('2023-04-16/2023-04-22', 43), ('2023-03-05/2023-03-11', 34), ('2023-04-23/2023-04-29', 33), ('2023-06-11/2023-06-17', 24)]

neurips-2023
[('2023-10-29/2023-11-04', 155), ('2023-10-22/2023-10-28', 124), ('2023-05-21/2023-05-27', 109), ('2023-05-28/2023-06-03', 83), ('2023-06-04/2023-06-10', 76), ('2023-12-03/2023-12-09', 73), ('2023-09-24/2023-09-30', 64), ('2023-11-05/2023-11-11', 64), ('2023-11-26/2023-12-02', 62), ('2023-10-08/2023-10-14', 58)]

acl-2023
[('2023-05-21/2023-05-27', 202), ('2023-05-28/2023-06-03', 125), ('2023-05-14/2023-05-20', 95), ('2023-06-04/2023-06-10', 77), ('2023-05-07/2023-05-13', 63), ('2023-04-30/2023-05-06', 51), ('2023-07-02/2023-07-08', 36), ('2023-06-11/2023-06-17', 32), ('2023-06-25/2023-07-01', 27), ('2023-06-18/2023-06-24', 24)]

iccv-2023
[('2023-08-20/2023-08-26', 112), ('2023-08-13/2023-08-19', 90), ('2023-07-16/2023-07-22', 65), ('2023-08-06/2023-08-12', 56), ('2023-07-23/2023-07-29', 54), ('2023-08-27/2023-09-02', 47), ('2023-09-24/2023-09-30', 45), ('2023-09-03/2023-09-09', 41), ('2023-03-12/2023-03-18', 37), ('2023-03-19/2023-03-25', 36)]

aaai-2024
[('2023-12-17/2023-12-23', 127), ('2023-12-10/2023-12-16', 93), ('2023-12-24/2023-12-30', 40), ('2023-12-31/2024-01-06', 27), ('2024-01-21/2024-01-27', 19), ('2024-01-07/2024-01-13', 18), ('2023-08-20/2023-08-26', 15), ('2024-01-14/2024-01-20', 14), ('2023-08-13/2023-08-19', 12), ('2024-01-28/2024-02-03', 11)]

icml-2023
[('2023-05-28/2023-06-03', 72), ('2023-06-04/2023-06-10', 59), ('2023-01-29/2023-02-04', 49), ('2023-01-22/2023-01-28', 39), ('2023-02-05/2023-02-11', 35), ('2023-05-21/2023-05-27', 32), ('2023-06-11/2023-06-17', 31), ('2023-04-23/2023-04-29', 29), ('2023-06-18/2023-06-24', 26), ('2023-07-09/2023-07-15', 25)]

project-page
[('2023-11-26/2023-12-02', 81), ('2023-12-03/2023-12-09', 75), ('2023-12-10/2023-12-16', 64), ('2023-03-19/2023-03-25', 57), ('2023-03-26/2023-04-01', 48), ('2023-12-17/2023-12-23', 48), ('2023-09-24/2023-09-30', 37), ('2023-05-28/2023-06-03', 36), ('2023-04-02/2023-04-08', 31), ('2023-06-11/2023-06-17', 30)]

iclr-2023
[('2023-02-26/2023-03-04', 50), ('2023-03-05/2023-03-11', 30), ('2023-02-05/2023-02-11', 28), ('2023-01-29/2023-02-04', 23), ('2023-02-19/2023-02-25', 23), ('2023-03-12/2023-03-18', 21), ('2023-04-23/2023-04-29', 20), ('2023-01-22/2023-01-28', 19), ('2023-03-19/2023-03-25', 19), ('2023-03-26/2023-04-01', 19)]

international-conference
[('2023-02-26/2023-03-04', 69), ('2023-03-12/2023-03-18', 44), ('2023-06-04/2023-06-10', 43), ('2023-07-02/2023-07-08', 43), ('2023-07-30/2023-08-05', 43), ('2023-02-19/2023-02-25', 41), ('2023-05-28/2023-06-03', 39), ('2023-08-27/2023-09-02', 39), ('2023-09-17/2023-09-23', 39), ('2023-09-24/2023-09-30', 39)]

icassp-2023
[('2023-02-19/2023-02-25', 44), ('2023-03-12/2023-03-18', 34), ('2023-02-26/2023-03-04', 27), ('2023-03-05/2023-03-11', 23), ('2023-03-19/2023-03-25', 22), ('2023-02-12/2023-02-18', 18), ('2023-03-26/2023-04-01', 13), ('2023-05-07/2023-05-13', 10), ('2023-04-02/2023-04-08', 9), ('2023-04-30/2023-05-06', 8)]

icassp-2024
[('2024-01-14/2024-01-20', 38), ('2023-09-10/2023-09-16', 32), ('2023-12-10/2023-12-16', 30), ('2023-09-17/2023-09-23', 27), ('2024-01-21/2024-01-27', 25), ('2023-12-31/2024-01-06', 21), ('2023-12-17/2023-12-23', 20), ('2024-01-07/2024-01-13', 13), ('2023-09-03/2023-09-09', 11), ('2023-09-24/2023-09-30', 10)]

iclr-2024
[('2024-01-14/2024-01-20', 47), ('2023-10-01/2023-10-07', 26), ('2024-01-21/2024-01-27', 24), ('2023-09-24/2023-09-30', 16), ('2023-10-08/2023-10-14', 15), ('2023-10-15/2023-10-21', 12), ('2024-01-28/2024-02-03', 12), ('2023-05-28/2023-06-03', 10), ('2023-05-21/2023-05-27', 8), ('2023-10-29/2023-11-04', 8)]

aaai-2023
[('2023-02-12/2023-02-18', 24), ('2023-01-29/2023-02-04', 20), ('2023-02-05/2023-02-11', 19), ('2023-02-26/2023-03-04', 15), ('2023-01-01/2023-01-07', 14), ('2023-02-19/2023-02-25', 14), ('2023-01-08/2023-01-14', 13), ('2023-03-05/2023-03-11', 13), ('2023-01-15/2023-01-21', 10), ('2023-03-12/2023-03-18', 9)]

2023-main
[('2023-05-21/2023-05-27', 56), ('2023-10-22/2023-10-28', 44), ('2023-10-15/2023-10-21', 36), ('2023-05-14/2023-05-20', 28), ('2023-10-08/2023-10-14', 20), ('2023-10-29/2023-11-04', 17), ('2023-04-30/2023-05-06', 15), ('2023-05-28/2023-06-03', 14), ('2023-02-12/2023-02-18', 11), ('2023-05-07/2023-05-13', 11)]

main-conference
[('2023-05-21/2023-05-27', 56), ('2023-10-22/2023-10-28', 40), ('2023-10-15/2023-10-21', 31), ('2023-05-14/2023-05-20', 27), ('2023-10-08/2023-10-14', 20), ('2023-04-30/2023-05-06', 15), ('2023-05-28/2023-06-03', 14), ('2023-05-07/2023-05-13', 13), ('2023-06-11/2023-06-17', 12), ('2023-10-29/2023-11-04', 12)]

interspeech-2023
[('2023-05-28/2023-06-03', 60), ('2023-05-21/2023-05-27', 32), ('2023-05-14/2023-05-20', 26), ('2023-06-04/2023-06-10', 25), ('2023-06-11/2023-06-17', 10), ('2023-06-25/2023-07-01', 10), ('2023-07-02/2023-07-08', 7), ('2023-07-09/2023-07-15', 6), ('2023-07-23/2023-07-29', 6), ('2023-07-30/2023-08-05', 6)]

2023-findings
[('2023-05-21/2023-05-27', 54), ('2023-10-22/2023-10-28', 40), ('2023-10-15/2023-10-21', 35), ('2023-05-14/2023-05-20', 20), ('2023-10-08/2023-10-14', 17), ('2023-05-28/2023-06-03', 13), ('2023-10-29/2023-11-04', 12), ('2023-05-07/2023-05-13', 11), ('2023-06-04/2023-06-10', 10), ('2023-11-26/2023-12-02', 7)]

eacl-2023
[('2023-02-05/2023-02-11', 25), ('2023-02-12/2023-02-18', 23), ('2023-01-22/2023-01-28', 18), ('2023-01-29/2023-02-04', 15), ('2023-02-19/2023-02-25', 14), ('2023-04-02/2023-04-08', 9), ('2023-03-05/2023-03-11', 7), ('2023-02-26/2023-03-04', 6), ('2023-04-23/2023-04-29', 4), ('2023-01-15/2023-01-21', 3)]

10-pages
[('2023-11-19/2023-11-25', 41), ('2023-05-21/2023-05-27', 36), ('2023-08-13/2023-08-19', 36), ('2023-03-05/2023-03-11', 35), ('2023-10-01/2023-10-07', 35), ('2023-05-07/2023-05-13', 34), ('2023-06-04/2023-06-10', 31), ('2023-07-16/2023-07-22', 31), ('2023-11-26/2023-12-02', 31), ('2023-03-12/2023-03-18', 30)]
